<?xml version="1.0" encoding="UTF-8"?>
<testsuite xmlns:xsi="http://www.w3.org/2001/XMLSchema-instance" xsi:noNamespaceSchemaLocation="https://maven.apache.org/surefire/maven-surefire-plugin/xsd/surefire-test-report.xsd" name="restfullbooker.getbooking.GetBookingRunner" time="4.798" tests="1" errors="1" skipped="0" failures="0">
  <properties>
    <property name="sun.desktop" value="windows"/>
    <property name="awt.toolkit" value="sun.awt.windows.WToolkit"/>
    <property name="file.encoding.pkg" value="sun.io"/>
    <property name="java.specification.version" value="1.8"/>
    <property name="sun.cpu.isalist" value="amd64"/>
    <property name="sun.jnu.encoding" value="Cp1252"/>
    <property name="java.class.path" value="D:\workshop27102020\target\test-classes;D:\workshop27102020\target\classes;C:\Users\nchafloque\.m2\repository\com\intuit\karate\karate-apache\0.9.5\karate-apache-0.9.5.jar;C:\Users\nchafloque\.m2\repository\com\intuit\karate\karate-core\0.9.5\karate-core-0.9.5.jar;C:\Users\nchafloque\.m2\repository\com\jayway\jsonpath\json-path\2.4.0\json-path-2.4.0.jar;C:\Users\nchafloque\.m2\repository\net\minidev\json-smart\2.3\json-smart-2.3.jar;C:\Users\nchafloque\.m2\repository\net\minidev\accessors-smart\1.2\accessors-smart-1.2.jar;C:\Users\nchafloque\.m2\repository\org\ow2\asm\asm\5.0.4\asm-5.0.4.jar;C:\Users\nchafloque\.m2\repository\info\cukes\cucumber-java\1.2.5\cucumber-java-1.2.5.jar;C:\Users\nchafloque\.m2\repository\info\cukes\cucumber-core\1.2.5\cucumber-core-1.2.5.jar;C:\Users\nchafloque\.m2\repository\org\yaml\snakeyaml\1.24\snakeyaml-1.24.jar;C:\Users\nchafloque\.m2\repository\de\siegmar\fastcsv\1.0.3\fastcsv-1.0.3.jar;C:\Users\nchafloque\.m2\repository\info\picocli\picocli\4.0.3\picocli-4.0.3.jar;C:\Users\nchafloque\.m2\repository\org\apache\httpcomponents\httpclient\4.5.11\httpclient-4.5.11.jar;C:\Users\nchafloque\.m2\repository\org\apache\httpcomponents\httpcore\4.4.13\httpcore-4.4.13.jar;C:\Users\nchafloque\.m2\repository\commons-codec\commons-codec\1.11\commons-codec-1.11.jar;C:\Users\nchafloque\.m2\repository\org\apache\httpcomponents\httpmime\4.5.11\httpmime-4.5.11.jar;C:\Users\nchafloque\.m2\repository\org\slf4j\jcl-over-slf4j\1.7.25\jcl-over-slf4j-1.7.25.jar;C:\Users\nchafloque\.m2\repository\ch\qos\logback\logback-classic\1.2.3\logback-classic-1.2.3.jar;C:\Users\nchafloque\.m2\repository\ch\qos\logback\logback-core\1.2.3\logback-core-1.2.3.jar;C:\Users\nchafloque\.m2\repository\com\intuit\karate\karate-junit4\0.9.5\karate-junit4-0.9.5.jar;C:\Users\nchafloque\.m2\repository\com\github\java-json-tools\json-schema-validator\2.2.8\json-schema-validator-2.2.8.jar;C:\Users\nchafloque\.m2\repository\com\github\java-json-tools\json-schema-core\1.2.8\json-schema-core-1.2.8.jar;C:\Users\nchafloque\.m2\repository\org\mozilla\rhino\1.7R4\rhino-1.7R4.jar;C:\Users\nchafloque\.m2\repository\com\github\fge\jackson-coreutils\1.8\jackson-coreutils-1.8.jar;C:\Users\nchafloque\.m2\repository\com\github\fge\msg-simple\1.1\msg-simple-1.1.jar;C:\Users\nchafloque\.m2\repository\com\github\fge\btf\1.2\btf-1.2.jar;C:\Users\nchafloque\.m2\repository\com\github\fge\uri-template\0.9\uri-template-0.9.jar;C:\Users\nchafloque\.m2\repository\javax\mail\mailapi\1.4.3\mailapi-1.4.3.jar;C:\Users\nchafloque\.m2\repository\javax\activation\activation\1.1\activation-1.1.jar;C:\Users\nchafloque\.m2\repository\joda-time\joda-time\2.9.7\joda-time-2.9.7.jar;C:\Users\nchafloque\.m2\repository\com\googlecode\libphonenumber\libphonenumber\8.0.0\libphonenumber-8.0.0.jar;C:\Users\nchafloque\.m2\repository\com\google\code\findbugs\jsr305\3.0.1\jsr305-3.0.1.jar;C:\Users\nchafloque\.m2\repository\net\sf\jopt-simple\jopt-simple\5.0.3\jopt-simple-5.0.3.jar;C:\Users\nchafloque\.m2\repository\junit\junit\4.12\junit-4.12.jar;C:\Users\nchafloque\.m2\repository\org\hamcrest\hamcrest-core\1.3\hamcrest-core-1.3.jar;C:\Users\nchafloque\.m2\repository\net\masterthought\cucumber-reporting\3.8.0\cucumber-reporting-3.8.0.jar;C:\Users\nchafloque\.m2\repository\org\apache\logging\log4j\log4j-api\2.6\log4j-api-2.6.jar;C:\Users\nchafloque\.m2\repository\org\apache\logging\log4j\log4j-core\2.6\log4j-core-2.6.jar;C:\Users\nchafloque\.m2\repository\org\apache\velocity\velocity\1.7\velocity-1.7.jar;C:\Users\nchafloque\.m2\repository\commons-collections\commons-collections\3.2.1\commons-collections-3.2.1.jar;C:\Users\nchafloque\.m2\repository\commons-lang\commons-lang\2.4\commons-lang-2.4.jar;C:\Users\nchafloque\.m2\repository\velocity-tools\velocity-tools\1.4\velocity-tools-1.4.jar;C:\Users\nchafloque\.m2\repository\org\apache\commons\commons-lang3\3.5\commons-lang3-3.5.jar;C:\Users\nchafloque\.m2\repository\commons-io\commons-io\2.5\commons-io-2.5.jar;C:\Users\nchafloque\.m2\repository\net\lingala\zip4j\zip4j\1.3.2\zip4j-1.3.2.jar;C:\Users\nchafloque\.m2\repository\org\codehaus\plexus\plexus-utils\3.0.24\plexus-utils-3.0.24.jar;C:\Users\nchafloque\.m2\repository\org\jsoup\jsoup\1.10.1\jsoup-1.10.1.jar;C:\Users\nchafloque\.m2\repository\com\googlecode\owasp-java-html-sanitizer\owasp-java-html-sanitizer\20160924.1\owasp-java-html-sanitizer-20160924.1.jar;C:\Users\nchafloque\.m2\repository\com\google\guava\guava\20.0\guava-20.0.jar;C:\Users\nchafloque\.m2\repository\org\slf4j\slf4j-api\1.7.30\slf4j-api-1.7.30.jar;C:\Users\nchafloque\.m2\repository\com\fasterxml\jackson\core\jackson-databind\2.10.2\jackson-databind-2.10.2.jar;C:\Users\nchafloque\.m2\repository\com\fasterxml\jackson\core\jackson-annotations\2.10.2\jackson-annotations-2.10.2.jar;C:\Users\nchafloque\.m2\repository\com\fasterxml\jackson\core\jackson-core\2.10.2\jackson-core-2.10.2.jar;"/>
    <property name="java.vm.vendor" value="Oracle Corporation"/>
    <property name="sun.arch.data.model" value="64"/>
    <property name="user.variant" value=""/>
    <property name="java.vendor.url" value="http://java.oracle.com/"/>
    <property name="user.timezone" value="America/Bogota"/>
    <property name="java.vm.specification.version" value="1.8"/>
    <property name="os.name" value="Windows 10"/>
    <property name="user.country" value="PE"/>
    <property name="sun.java.launcher" value="SUN_STANDARD"/>
    <property name="sun.boot.library.path" value="C:\Program Files\Java\jdk1.8.0_251\jre\bin"/>
    <property name="sun.java.command" value="C:\Users\NCHAFL~1\AppData\Local\Temp\surefire4845777094053003583\surefirebooter1721665359612658638.jar C:\Users\nchafloque\AppData\Local\Temp\surefire4845777094053003583 2020-11-03T23-08-55_913-jvmRun1 surefire7056653529277465359tmp surefire_0464319474604706176tmp"/>
    <property name="test" value="GetBookingRunner"/>
    <property name="surefire.test.class.path" value="D:\workshop27102020\target\test-classes;D:\workshop27102020\target\classes;C:\Users\nchafloque\.m2\repository\com\intuit\karate\karate-apache\0.9.5\karate-apache-0.9.5.jar;C:\Users\nchafloque\.m2\repository\com\intuit\karate\karate-core\0.9.5\karate-core-0.9.5.jar;C:\Users\nchafloque\.m2\repository\com\jayway\jsonpath\json-path\2.4.0\json-path-2.4.0.jar;C:\Users\nchafloque\.m2\repository\net\minidev\json-smart\2.3\json-smart-2.3.jar;C:\Users\nchafloque\.m2\repository\net\minidev\accessors-smart\1.2\accessors-smart-1.2.jar;C:\Users\nchafloque\.m2\repository\org\ow2\asm\asm\5.0.4\asm-5.0.4.jar;C:\Users\nchafloque\.m2\repository\info\cukes\cucumber-java\1.2.5\cucumber-java-1.2.5.jar;C:\Users\nchafloque\.m2\repository\info\cukes\cucumber-core\1.2.5\cucumber-core-1.2.5.jar;C:\Users\nchafloque\.m2\repository\org\yaml\snakeyaml\1.24\snakeyaml-1.24.jar;C:\Users\nchafloque\.m2\repository\de\siegmar\fastcsv\1.0.3\fastcsv-1.0.3.jar;C:\Users\nchafloque\.m2\repository\info\picocli\picocli\4.0.3\picocli-4.0.3.jar;C:\Users\nchafloque\.m2\repository\org\apache\httpcomponents\httpclient\4.5.11\httpclient-4.5.11.jar;C:\Users\nchafloque\.m2\repository\org\apache\httpcomponents\httpcore\4.4.13\httpcore-4.4.13.jar;C:\Users\nchafloque\.m2\repository\commons-codec\commons-codec\1.11\commons-codec-1.11.jar;C:\Users\nchafloque\.m2\repository\org\apache\httpcomponents\httpmime\4.5.11\httpmime-4.5.11.jar;C:\Users\nchafloque\.m2\repository\org\slf4j\jcl-over-slf4j\1.7.25\jcl-over-slf4j-1.7.25.jar;C:\Users\nchafloque\.m2\repository\ch\qos\logback\logback-classic\1.2.3\logback-classic-1.2.3.jar;C:\Users\nchafloque\.m2\repository\ch\qos\logback\logback-core\1.2.3\logback-core-1.2.3.jar;C:\Users\nchafloque\.m2\repository\com\intuit\karate\karate-junit4\0.9.5\karate-junit4-0.9.5.jar;C:\Users\nchafloque\.m2\repository\com\github\java-json-tools\json-schema-validator\2.2.8\json-schema-validator-2.2.8.jar;C:\Users\nchafloque\.m2\repository\com\github\java-json-tools\json-schema-core\1.2.8\json-schema-core-1.2.8.jar;C:\Users\nchafloque\.m2\repository\org\mozilla\rhino\1.7R4\rhino-1.7R4.jar;C:\Users\nchafloque\.m2\repository\com\github\fge\jackson-coreutils\1.8\jackson-coreutils-1.8.jar;C:\Users\nchafloque\.m2\repository\com\github\fge\msg-simple\1.1\msg-simple-1.1.jar;C:\Users\nchafloque\.m2\repository\com\github\fge\btf\1.2\btf-1.2.jar;C:\Users\nchafloque\.m2\repository\com\github\fge\uri-template\0.9\uri-template-0.9.jar;C:\Users\nchafloque\.m2\repository\javax\mail\mailapi\1.4.3\mailapi-1.4.3.jar;C:\Users\nchafloque\.m2\repository\javax\activation\activation\1.1\activation-1.1.jar;C:\Users\nchafloque\.m2\repository\joda-time\joda-time\2.9.7\joda-time-2.9.7.jar;C:\Users\nchafloque\.m2\repository\com\googlecode\libphonenumber\libphonenumber\8.0.0\libphonenumber-8.0.0.jar;C:\Users\nchafloque\.m2\repository\com\google\code\findbugs\jsr305\3.0.1\jsr305-3.0.1.jar;C:\Users\nchafloque\.m2\repository\net\sf\jopt-simple\jopt-simple\5.0.3\jopt-simple-5.0.3.jar;C:\Users\nchafloque\.m2\repository\junit\junit\4.12\junit-4.12.jar;C:\Users\nchafloque\.m2\repository\org\hamcrest\hamcrest-core\1.3\hamcrest-core-1.3.jar;C:\Users\nchafloque\.m2\repository\net\masterthought\cucumber-reporting\3.8.0\cucumber-reporting-3.8.0.jar;C:\Users\nchafloque\.m2\repository\org\apache\logging\log4j\log4j-api\2.6\log4j-api-2.6.jar;C:\Users\nchafloque\.m2\repository\org\apache\logging\log4j\log4j-core\2.6\log4j-core-2.6.jar;C:\Users\nchafloque\.m2\repository\org\apache\velocity\velocity\1.7\velocity-1.7.jar;C:\Users\nchafloque\.m2\repository\commons-collections\commons-collections\3.2.1\commons-collections-3.2.1.jar;C:\Users\nchafloque\.m2\repository\commons-lang\commons-lang\2.4\commons-lang-2.4.jar;C:\Users\nchafloque\.m2\repository\velocity-tools\velocity-tools\1.4\velocity-tools-1.4.jar;C:\Users\nchafloque\.m2\repository\org\apache\commons\commons-lang3\3.5\commons-lang3-3.5.jar;C:\Users\nchafloque\.m2\repository\commons-io\commons-io\2.5\commons-io-2.5.jar;C:\Users\nchafloque\.m2\repository\net\lingala\zip4j\zip4j\1.3.2\zip4j-1.3.2.jar;C:\Users\nchafloque\.m2\repository\org\codehaus\plexus\plexus-utils\3.0.24\plexus-utils-3.0.24.jar;C:\Users\nchafloque\.m2\repository\org\jsoup\jsoup\1.10.1\jsoup-1.10.1.jar;C:\Users\nchafloque\.m2\repository\com\googlecode\owasp-java-html-sanitizer\owasp-java-html-sanitizer\20160924.1\owasp-java-html-sanitizer-20160924.1.jar;C:\Users\nchafloque\.m2\repository\com\google\guava\guava\20.0\guava-20.0.jar;C:\Users\nchafloque\.m2\repository\org\slf4j\slf4j-api\1.7.30\slf4j-api-1.7.30.jar;C:\Users\nchafloque\.m2\repository\com\fasterxml\jackson\core\jackson-databind\2.10.2\jackson-databind-2.10.2.jar;C:\Users\nchafloque\.m2\repository\com\fasterxml\jackson\core\jackson-annotations\2.10.2\jackson-annotations-2.10.2.jar;C:\Users\nchafloque\.m2\repository\com\fasterxml\jackson\core\jackson-core\2.10.2\jackson-core-2.10.2.jar;"/>
    <property name="sun.cpu.endian" value="little"/>
    <property name="user.home" value="C:\Users\nchafloque"/>
    <property name="user.language" value="es"/>
    <property name="java.specification.vendor" value="Oracle Corporation"/>
    <property name="java.home" value="C:\Program Files\Java\jdk1.8.0_251\jre"/>
    <property name="basedir" value="D:\workshop27102020"/>
    <property name="file.separator" value="\"/>
    <property name="line.separator" value="&#10;"/>
    <property name="java.vm.specification.vendor" value="Oracle Corporation"/>
    <property name="java.specification.name" value="Java Platform API Specification"/>
    <property name="java.awt.graphicsenv" value="sun.awt.Win32GraphicsEnvironment"/>
    <property name="surefire.real.class.path" value="C:\Users\NCHAFL~1\AppData\Local\Temp\surefire4845777094053003583\surefirebooter1721665359612658638.jar"/>
    <property name="sun.boot.class.path" value="C:\Program Files\Java\jdk1.8.0_251\jre\lib\resources.jar;C:\Program Files\Java\jdk1.8.0_251\jre\lib\rt.jar;C:\Program Files\Java\jdk1.8.0_251\jre\lib\sunrsasign.jar;C:\Program Files\Java\jdk1.8.0_251\jre\lib\jsse.jar;C:\Program Files\Java\jdk1.8.0_251\jre\lib\jce.jar;C:\Program Files\Java\jdk1.8.0_251\jre\lib\charsets.jar;C:\Program Files\Java\jdk1.8.0_251\jre\lib\jfr.jar;C:\Program Files\Java\jdk1.8.0_251\jre\classes"/>
    <property name="user.script" value=""/>
    <property name="sun.management.compiler" value="HotSpot 64-Bit Tiered Compilers"/>
    <property name="java.runtime.version" value="1.8.0_251-b08"/>
    <property name="user.name" value="nchafloque"/>
    <property name="path.separator" value=";"/>
    <property name="os.version" value="10.0"/>
    <property name="java.endorsed.dirs" value="C:\Program Files\Java\jdk1.8.0_251\jre\lib\endorsed"/>
    <property name="java.runtime.name" value="Java(TM) SE Runtime Environment"/>
    <property name="file.encoding" value="Cp1252"/>
    <property name="java.vm.name" value="Java HotSpot(TM) 64-Bit Server VM"/>
    <property name="localRepository" value="C:\Users\nchafloque\.m2\repository"/>
    <property name="java.vendor.url.bug" value="http://bugreport.sun.com/bugreport/"/>
    <property name="java.io.tmpdir" value="C:\Users\NCHAFL~1\AppData\Local\Temp\"/>
    <property name="java.version" value="1.8.0_251"/>
    <property name="user.dir" value="D:\workshop27102020"/>
    <property name="os.arch" value="amd64"/>
    <property name="java.vm.specification.name" value="Java Virtual Machine Specification"/>
    <property name="java.awt.printerjob" value="sun.awt.windows.WPrinterJob"/>
    <property name="sun.os.patch.level" value=""/>
    <property name="java.library.path" value="C:\Program Files\Java\jdk1.8.0_251\jre\bin;C:\Windows\Sun\Java\bin;C:\Windows\system32;C:\Windows;C:\Program Files (x86)\Common Files\Oracle\Java\javapath;C:\Windows\system32;C:\Windows;C:\Windows\System32\Wbem;C:\Windows\System32\WindowsPowerShell\v1.0\;C:\Program Files (x86)\Intel\Intel(R) Management Engine Components\DAL;C:\Program Files\Intel\Intel(R) Management Engine Components\DAL;C:\Program Files (x86)\Intel\Intel(R) Management Engine Components\IPT;C:\Program Files\Intel\Intel(R) Management Engine Components\IPT;C:\Program Files (x86)\MySQL\MySQL Fabric 1.5 &amp; MySQL Utilities 1.5\;C:\Program Files (x86)\MySQL\MySQL Fabric 1.5 &amp; MySQL Utilities 1.5\Doctrine extensions for PHP\;C:\Program Files\Microsoft SQL Server\120\DTS\Binn\;C:\Program Files\Microsoft SQL Server\Client SDK\ODBC\110\Tools\Binn\;C:\Program Files (x86)\Microsoft SQL Server\120\Tools\Binn\;C:\Program Files\Microsoft SQL Server\120\Tools\Binn\;C:\Program Files (x86)\Microsoft SQL Server\120\Tools\Binn\ManagementStudio\;C:\Program Files (x86)\Microsoft SQL Server\120\DTS\Binn\;C:\Program Files (x86)\Rational\common;C:\Users\nchafloque\Documents\chromedriver;C:\Program Files\Intel\WiFi\bin\;C:\Program Files\Common Files\Intel\WirelessCommon\;C:\Program Files (x86)\Microsoft SQL Server\Client SDK\ODBC\130\Tools\Binn\;C:\Program Files (x86)\Microsoft SQL Server\140\Tools\Binn\;C:\Program Files (x86)\Microsoft SQL Server\140\DTS\Binn\;C:\Program Files (x86)\Microsoft SQL Server\140\Tools\Binn\ManagementStudio\;C:\apache-maven-3.6.3\bin;C:\Program Files\Java\jdk1.8.0_251\bin;C:\Program Files\Git\cmd;C:\Users\nchafloque\Anaconda3;C:\Users\nchafloque\Anaconda3\Library\mingw-w64\bin;C:\Users\nchafloque\Anaconda3\Library\usr\bin;C:\Users\nchafloque\Anaconda3\Library\bin;C:\Users\nchafloque\Anaconda3\Scripts;C:\Pyton\Scripts\;C:\Pyton\;C:\Users\nchafloque\AppData\Local\Microsoft\WindowsApps;C:\Program Files\Intel\WiFi\bin\;C:\Program Files\Common Files\Intel\WirelessCommon\;C:\Program Files\JetBrains\PyCharm Community Edition 2019.2\bin;;C:\AppServ\Apache24\bin;C:\AppServ\php5;C:\AppServ\MySQL\bin;."/>
    <property name="java.vm.info" value="mixed mode"/>
    <property name="java.vendor" value="Oracle Corporation"/>
    <property name="java.vm.version" value="25.251-b08"/>
    <property name="java.ext.dirs" value="C:\Program Files\Java\jdk1.8.0_251\jre\lib\ext;C:\Windows\Sun\Java\lib\ext"/>
    <property name="sun.io.unicode.encoding" value="UnicodeLittle"/>
    <property name="java.class.version" value="52.0"/>
  </properties>
  <testcase name="[1:9] Verificar petición correcta con una reserva id reciba cod 200" classname="[GetBooking] Get Booking" time="3.45">
    <error message="GetBooking.feature:15 - assert evaluated to false: SchemaUtils.isValid(response, schema)" type="com.intuit.karate.exception.KarateException">com.intuit.karate.exception.KarateException: GetBooking.feature:15 - assert evaluated to false: SchemaUtils.isValid(response, schema)
</error>
    <system-out><![CDATA[23:08:58.412 [main] DEBUG com.jayway.jsonpath.internal.path.CompiledPath - Evaluating path: $
23:08:58.456 [main] DEBUG com.jayway.jsonpath.internal.path.CompiledPath - Evaluating path: $
23:08:58.456 [main] DEBUG com.jayway.jsonpath.internal.path.CompiledPath - Evaluating path: $
23:08:59.123 [main] DEBUG org.apache.http.client.protocol.RequestAddCookies - CookieSpec selected: karate
23:08:59.134 [main] DEBUG org.apache.http.client.protocol.RequestAuthCache - Auth cache not set in the context
23:08:59.136 [main] DEBUG com.intuit.karate - request:
1 > GET https://restful-booker.herokuapp.com/booking/5
1 > Accept: application/json
1 > Accept-Encoding: gzip,deflate
1 > Connection: Keep-Alive
1 > Host: restful-booker.herokuapp.com
1 > User-Agent: Apache-HttpClient/4.5.11 (Java/1.8.0_251)

23:08:59.137 [main] DEBUG org.apache.http.impl.conn.PoolingHttpClientConnectionManager - Connection request: [route: {s}->https://restful-booker.herokuapp.com:443][total available: 0; route allocated: 0 of 5; total allocated: 0 of 10]
23:08:59.151 [main] DEBUG org.apache.http.impl.conn.PoolingHttpClientConnectionManager - Connection leased: [id: 0][route: {s}->https://restful-booker.herokuapp.com:443][total available: 0; route allocated: 1 of 5; total allocated: 1 of 10]
23:08:59.153 [main] DEBUG org.apache.http.impl.execchain.MainClientExec - Opening connection {s}->https://restful-booker.herokuapp.com:443
23:08:59.259 [main] DEBUG org.apache.http.impl.conn.DefaultHttpClientConnectionOperator - Connecting to restful-booker.herokuapp.com/3.212.104.174:443
23:08:59.260 [main] DEBUG org.apache.http.conn.ssl.SSLConnectionSocketFactory - Connecting socket to restful-booker.herokuapp.com/3.212.104.174:443 with timeout 60000
23:08:59.428 [main] DEBUG org.apache.http.conn.ssl.SSLConnectionSocketFactory - Enabled protocols: [TLSv1, TLSv1.1, TLSv1.2]
23:08:59.428 [main] DEBUG org.apache.http.conn.ssl.SSLConnectionSocketFactory - Enabled cipher suites:[TLS_ECDHE_ECDSA_WITH_AES_256_CBC_SHA384, TLS_ECDHE_RSA_WITH_AES_256_CBC_SHA384, TLS_RSA_WITH_AES_256_CBC_SHA256, TLS_ECDH_ECDSA_WITH_AES_256_CBC_SHA384, TLS_ECDH_RSA_WITH_AES_256_CBC_SHA384, TLS_DHE_RSA_WITH_AES_256_CBC_SHA256, TLS_DHE_DSS_WITH_AES_256_CBC_SHA256, TLS_ECDHE_ECDSA_WITH_AES_256_CBC_SHA, TLS_ECDHE_RSA_WITH_AES_256_CBC_SHA, TLS_RSA_WITH_AES_256_CBC_SHA, TLS_ECDH_ECDSA_WITH_AES_256_CBC_SHA, TLS_ECDH_RSA_WITH_AES_256_CBC_SHA, TLS_DHE_RSA_WITH_AES_256_CBC_SHA, TLS_DHE_DSS_WITH_AES_256_CBC_SHA, TLS_ECDHE_ECDSA_WITH_AES_128_CBC_SHA256, TLS_ECDHE_RSA_WITH_AES_128_CBC_SHA256, TLS_RSA_WITH_AES_128_CBC_SHA256, TLS_ECDH_ECDSA_WITH_AES_128_CBC_SHA256, TLS_ECDH_RSA_WITH_AES_128_CBC_SHA256, TLS_DHE_RSA_WITH_AES_128_CBC_SHA256, TLS_DHE_DSS_WITH_AES_128_CBC_SHA256, TLS_ECDHE_ECDSA_WITH_AES_128_CBC_SHA, TLS_ECDHE_RSA_WITH_AES_128_CBC_SHA, TLS_RSA_WITH_AES_128_CBC_SHA, TLS_ECDH_ECDSA_WITH_AES_128_CBC_SHA, TLS_ECDH_RSA_WITH_AES_128_CBC_SHA, TLS_DHE_RSA_WITH_AES_128_CBC_SHA, TLS_DHE_DSS_WITH_AES_128_CBC_SHA, TLS_ECDHE_ECDSA_WITH_AES_256_GCM_SHA384, TLS_ECDHE_ECDSA_WITH_AES_128_GCM_SHA256, TLS_ECDHE_RSA_WITH_AES_256_GCM_SHA384, TLS_RSA_WITH_AES_256_GCM_SHA384, TLS_ECDH_ECDSA_WITH_AES_256_GCM_SHA384, TLS_ECDH_RSA_WITH_AES_256_GCM_SHA384, TLS_DHE_RSA_WITH_AES_256_GCM_SHA384, TLS_DHE_DSS_WITH_AES_256_GCM_SHA384, TLS_ECDHE_RSA_WITH_AES_128_GCM_SHA256, TLS_RSA_WITH_AES_128_GCM_SHA256, TLS_ECDH_ECDSA_WITH_AES_128_GCM_SHA256, TLS_ECDH_RSA_WITH_AES_128_GCM_SHA256, TLS_DHE_RSA_WITH_AES_128_GCM_SHA256, TLS_DHE_DSS_WITH_AES_128_GCM_SHA256, TLS_EMPTY_RENEGOTIATION_INFO_SCSV]
23:08:59.429 [main] DEBUG org.apache.http.conn.ssl.SSLConnectionSocketFactory - Starting handshake
23:08:59.737 [main] DEBUG org.apache.http.conn.ssl.SSLConnectionSocketFactory - Secure session established
23:08:59.738 [main] DEBUG org.apache.http.conn.ssl.SSLConnectionSocketFactory -  negotiated protocol: TLSv1.2
23:08:59.738 [main] DEBUG org.apache.http.conn.ssl.SSLConnectionSocketFactory -  negotiated cipher suite: TLS_ECDHE_RSA_WITH_AES_128_GCM_SHA256
23:08:59.739 [main] DEBUG org.apache.http.conn.ssl.SSLConnectionSocketFactory -  peer principal: CN=*.herokuapp.com, O="Heroku, Inc.", L=San Francisco, ST=California, C=US
23:08:59.739 [main] DEBUG org.apache.http.conn.ssl.SSLConnectionSocketFactory -  peer alternative names: [*.herokuapp.com, herokuapp.com]
23:08:59.740 [main] DEBUG org.apache.http.conn.ssl.SSLConnectionSocketFactory -  issuer principal: CN=DigiCert SHA2 High Assurance Server CA, OU=www.digicert.com, O=DigiCert Inc, C=US
23:08:59.750 [main] DEBUG org.apache.http.impl.conn.DefaultHttpClientConnectionOperator - Connection established 192.168.1.6:60176<->3.212.104.174:443
23:08:59.751 [main] DEBUG org.apache.http.impl.conn.DefaultManagedHttpClientConnection - http-outgoing-0: set socket timeout to 60000
23:08:59.751 [main] DEBUG org.apache.http.impl.execchain.MainClientExec - Executing request GET /booking/5 HTTP/1.1
23:08:59.752 [main] DEBUG org.apache.http.impl.execchain.MainClientExec - Target auth state: UNCHALLENGED
23:08:59.753 [main] DEBUG org.apache.http.impl.execchain.MainClientExec - Proxy auth state: UNCHALLENGED
23:08:59.757 [main] DEBUG org.apache.http.headers - http-outgoing-0 >> GET /booking/5 HTTP/1.1
23:08:59.757 [main] DEBUG org.apache.http.headers - http-outgoing-0 >> Accept: application/json
23:08:59.757 [main] DEBUG org.apache.http.headers - http-outgoing-0 >> Host: restful-booker.herokuapp.com
23:08:59.758 [main] DEBUG org.apache.http.headers - http-outgoing-0 >> Connection: Keep-Alive
23:08:59.758 [main] DEBUG org.apache.http.headers - http-outgoing-0 >> User-Agent: Apache-HttpClient/4.5.11 (Java/1.8.0_251)
23:08:59.758 [main] DEBUG org.apache.http.headers - http-outgoing-0 >> Accept-Encoding: gzip,deflate
23:08:59.758 [main] DEBUG org.apache.http.wire - http-outgoing-0 >> "GET /booking/5 HTTP/1.1[\r][\n]"
23:08:59.759 [main] DEBUG org.apache.http.wire - http-outgoing-0 >> "Accept: application/json[\r][\n]"
23:08:59.759 [main] DEBUG org.apache.http.wire - http-outgoing-0 >> "Host: restful-booker.herokuapp.com[\r][\n]"
23:08:59.759 [main] DEBUG org.apache.http.wire - http-outgoing-0 >> "Connection: Keep-Alive[\r][\n]"
23:08:59.759 [main] DEBUG org.apache.http.wire - http-outgoing-0 >> "User-Agent: Apache-HttpClient/4.5.11 (Java/1.8.0_251)[\r][\n]"
23:08:59.759 [main] DEBUG org.apache.http.wire - http-outgoing-0 >> "Accept-Encoding: gzip,deflate[\r][\n]"
23:08:59.759 [main] DEBUG org.apache.http.wire - http-outgoing-0 >> "[\r][\n]"
23:08:59.866 [main] DEBUG org.apache.http.wire - http-outgoing-0 << "HTTP/1.1 200 OK[\r][\n]"
23:08:59.866 [main] DEBUG org.apache.http.wire - http-outgoing-0 << "Server: Cowboy[\r][\n]"
23:08:59.866 [main] DEBUG org.apache.http.wire - http-outgoing-0 << "Connection: keep-alive[\r][\n]"
23:08:59.866 [main] DEBUG org.apache.http.wire - http-outgoing-0 << "X-Powered-By: Express[\r][\n]"
23:08:59.866 [main] DEBUG org.apache.http.wire - http-outgoing-0 << "Content-Type: application/json; charset=utf-8[\r][\n]"
23:08:59.866 [main] DEBUG org.apache.http.wire - http-outgoing-0 << "Content-Length: 141[\r][\n]"
23:08:59.866 [main] DEBUG org.apache.http.wire - http-outgoing-0 << "Etag: W/"8d-l1snxdJUWkiICz01TiGVB36u7MQ"[\r][\n]"
23:08:59.867 [main] DEBUG org.apache.http.wire - http-outgoing-0 << "Date: Wed, 04 Nov 2020 04:08:59 GMT[\r][\n]"
23:08:59.867 [main] DEBUG org.apache.http.wire - http-outgoing-0 << "Via: 1.1 vegur[\r][\n]"
23:08:59.867 [main] DEBUG org.apache.http.wire - http-outgoing-0 << "[\r][\n]"
23:08:59.867 [main] DEBUG org.apache.http.wire - http-outgoing-0 << "{"firstname":"Susan","lastname":"Wilson","totalprice":442,"depositpaid":true,"bookingdates":{"checkin":"2018-07-14","checkout":"2020-03-08"}}"
23:08:59.870 [main] DEBUG org.apache.http.headers - http-outgoing-0 << HTTP/1.1 200 OK
23:08:59.870 [main] DEBUG org.apache.http.headers - http-outgoing-0 << Server: Cowboy
23:08:59.870 [main] DEBUG org.apache.http.headers - http-outgoing-0 << Connection: keep-alive
23:08:59.870 [main] DEBUG org.apache.http.headers - http-outgoing-0 << X-Powered-By: Express
23:08:59.870 [main] DEBUG org.apache.http.headers - http-outgoing-0 << Content-Type: application/json; charset=utf-8
23:08:59.870 [main] DEBUG org.apache.http.headers - http-outgoing-0 << Content-Length: 141
23:08:59.870 [main] DEBUG org.apache.http.headers - http-outgoing-0 << Etag: W/"8d-l1snxdJUWkiICz01TiGVB36u7MQ"
23:08:59.870 [main] DEBUG org.apache.http.headers - http-outgoing-0 << Date: Wed, 04 Nov 2020 04:08:59 GMT
23:08:59.870 [main] DEBUG org.apache.http.headers - http-outgoing-0 << Via: 1.1 vegur
23:08:59.874 [main] DEBUG org.apache.http.impl.execchain.MainClientExec - Connection can be kept alive indefinitely
23:08:59.879 [main] DEBUG org.apache.http.impl.conn.PoolingHttpClientConnectionManager - Connection [id: 0][route: {s}->https://restful-booker.herokuapp.com:443] can be kept alive indefinitely
23:08:59.879 [main] DEBUG org.apache.http.impl.conn.DefaultManagedHttpClientConnection - http-outgoing-0: set socket timeout to 0
23:08:59.879 [main] DEBUG org.apache.http.impl.conn.PoolingHttpClientConnectionManager - Connection released: [id: 0][route: {s}->https://restful-booker.herokuapp.com:443][total available: 1; route allocated: 1 of 5; total allocated: 1 of 10]
23:08:59.879 [main] DEBUG com.jayway.jsonpath.internal.path.CompiledPath - Evaluating path: $
23:08:59.880 [main] DEBUG com.intuit.karate - response time in milliseconds: 741.25
1 < 200
1 < Connection: keep-alive
1 < Content-Length: 141
1 < Content-Type: application/json; charset=utf-8
1 < Date: Wed, 04 Nov 2020 04:08:59 GMT
1 < Etag: W/"8d-l1snxdJUWkiICz01TiGVB36u7MQ"
1 < Server: Cowboy
1 < Via: 1.1 vegur
1 < X-Powered-By: Express
{
  "firstname": "Susan",
  "lastname": "Wilson",
  "totalprice": 442,
  "depositpaid": true,
  "bookingdates": {
    "checkin": "2018-07-14",
    "checkout": "2020-03-08"
  }
}


23:08:59.891 [main] DEBUG com.jayway.jsonpath.internal.path.CompiledPath - Evaluating path: $
23:09:00.954 [main] DEBUG com.intuit.karate.restfullbooker.util.SchemaUtils - report: com.github.fge.jsonschema.core.report.ListProcessingReport: failure
--- BEGIN MESSAGES ---
error: instance type (boolean) does not match any allowed primitive type (allowed: ["string"])
    level: "error"
    schema: {"loadingURI":"#","pointer":"/properties/depositpaid"}
    instance: {"pointer":"/depositpaid"}
    domain: "validation"
    keyword: "type"
    found: "boolean"
    expected: ["string"]
error: instance type (string) does not match any allowed primitive type (allowed: ["integer"])
    level: "error"
    schema: {"loadingURI":"#","pointer":"/properties/firstname"}
    instance: {"pointer":"/firstname"}
    domain: "validation"
    keyword: "type"
    found: "string"
    expected: ["integer"]
---  END MESSAGES  ---

23:09:00.956 [main] ERROR com.intuit.karate - assertion failed: assert evaluated to false: SchemaUtils.isValid(response, schema)
]]></system-out>
  </testcase>
</testsuite>